Started GET "/" for 192.168.65.1 at 2025-03-29 16:58:36 +0000
Cannot render console from 192.168.65.1! Allowed networks: 127.0.0.0/127.255.255.255, ::1
  [1m[35m (305.7ms)[0m  [1m[35mCREATE TABLE `schema_migrations` (`version` varchar(255) NOT NULL PRIMARY KEY)[0m
  [1m[35m (30.5ms)[0m  [1m[35mCREATE TABLE `ar_internal_metadata` (`key` varchar(255) NOT NULL PRIMARY KEY, `value` varchar(255), `created_at` datetime(6) NOT NULL, `updated_at` datetime(6) NOT NULL)[0m
  [1m[36mActiveRecord::SchemaMigration Load (23.0ms)[0m  [1m[34mSELECT `schema_migrations`.`version` FROM `schema_migrations` ORDER BY `schema_migrations`.`version` ASC[0m
Processing by Rails::WelcomeController#index as HTML
  Rendering /usr/local/bundle/gems/railties-7.2.2.1/lib/rails/templates/rails/welcome/index.html.erb
  Rendered /usr/local/bundle/gems/railties-7.2.2.1/lib/rails/templates/rails/welcome/index.html.erb (Duration: 10.8ms | GC: 0.0ms)
Completed 200 OK in 251ms (Views: 65.4ms | ActiveRecord: 0.0ms (0 queries, 0 cached) | GC: 0.0ms)


Started GET "/" for 192.168.65.1 at 2025-03-29 17:06:09 +0000
Cannot render console from 192.168.65.1! Allowed networks: 127.0.0.0/127.255.255.255, ::1
  [1m[36mActiveRecord::SchemaMigration Load (65.4ms)[0m  [1m[34mSELECT `schema_migrations`.`version` FROM `schema_migrations` ORDER BY `schema_migrations`.`version` ASC[0m
Processing by Rails::WelcomeController#index as HTML
  Rendering /usr/local/bundle/gems/railties-7.2.2.1/lib/rails/templates/rails/welcome/index.html.erb
  Rendered /usr/local/bundle/gems/railties-7.2.2.1/lib/rails/templates/rails/welcome/index.html.erb (Duration: 3.5ms | GC: 0.0ms)
Completed 200 OK in 66ms (Views: 17.7ms | ActiveRecord: 0.0ms (0 queries, 0 cached) | GC: 0.0ms)


  [1m[35m (1.6ms)[0m  [1m[34mSELECT GET_LOCK('1849179701872204695', 0)[0m
  [1m[36mActiveRecord::SchemaMigration Load (11.6ms)[0m  [1m[34mSELECT `schema_migrations`.`version` FROM `schema_migrations` ORDER BY `schema_migrations`.`version` ASC[0m
  [1m[36mActiveRecord::InternalMetadata Load (3.5ms)[0m  [1m[34mSELECT * FROM `ar_internal_metadata` WHERE `ar_internal_metadata`.`key` = 'environment' ORDER BY `ar_internal_metadata`.`key` ASC LIMIT 1[0m
  [1m[36mActiveRecord::InternalMetadata Create (7.8ms)[0m  [1m[32mINSERT INTO `ar_internal_metadata` (`key`, `value`, `created_at`, `updated_at`) VALUES ('environment', 'development', '2025-03-29 19:26:06.518083', '2025-03-29 19:26:06.518087')[0m
Migrating to CreateUsers (20250329191701)
  [1m[35m (48.0ms)[0m  [1m[35mCREATE TABLE `users` (`id` bigint NOT NULL AUTO_INCREMENT PRIMARY KEY, `name` varchar(255) NOT NULL, `email` varchar(255) NOT NULL, `password_digest` varchar(255) NOT NULL, `created_at` datetime(6) NOT NULL, `updated_at` datetime(6) NOT NULL)[0m
  [1m[35m (33.0ms)[0m  [1m[35mCREATE UNIQUE INDEX `index_users_on_email` ON `users` (`email`)[0m
  [1m[36mActiveRecord::SchemaMigration Create (6.4ms)[0m  [1m[32mINSERT INTO `schema_migrations` (`version`) VALUES ('20250329191701')[0m
Migrating to CreateImageTypes (20250329191709)
  [1m[35m (31.6ms)[0m  [1m[35mCREATE TABLE `image_types` (`id` bigint NOT NULL AUTO_INCREMENT PRIMARY KEY, `name` varchar(255) NOT NULL, `description` text, `created_at` datetime(6) NOT NULL, `updated_at` datetime(6) NOT NULL)[0m
  [1m[35m (30.8ms)[0m  [1m[35mCREATE UNIQUE INDEX `index_image_types_on_name` ON `image_types` (`name`)[0m
  [1m[36mActiveRecord::SchemaMigration Create (5.8ms)[0m  [1m[32mINSERT INTO `schema_migrations` (`version`) VALUES ('20250329191709')[0m
Migrating to CreateImages (20250329191715)
  [1m[35m (36.3ms)[0m  [1m[35mCREATE TABLE `images` (`id` bigint NOT NULL AUTO_INCREMENT PRIMARY KEY, `user_id` bigint NOT NULL, `title` varchar(255), `description` text, `created_at` datetime(6) NOT NULL, `updated_at` datetime(6) NOT NULL, INDEX `index_images_on_user_id` (`user_id`), CONSTRAINT `fk_rails_19cd822056`
FOREIGN KEY (`user_id`)
  REFERENCES `users` (`id`)
)[0m
  [1m[36mActiveRecord::SchemaMigration Create (3.0ms)[0m  [1m[32mINSERT INTO `schema_migrations` (`version`) VALUES ('20250329191715')[0m
Migrating to CreateImageCategorizations (20250329191722)
  [1m[35m (38.4ms)[0m  [1m[35mCREATE TABLE `image_categorizations` (`image_id` bigint NOT NULL, `image_type_id` bigint NOT NULL, `created_at` datetime(6) NOT NULL, `updated_at` datetime(6) NOT NULL, INDEX `index_image_categorizations_on_image_id` (`image_id`), INDEX `index_image_categorizations_on_image_type_id` (`image_type_id`), CONSTRAINT `fk_rails_9a3e535d3d`
FOREIGN KEY (`image_id`)
  REFERENCES `images` (`id`)
, CONSTRAINT `fk_rails_69bbefc787`
FOREIGN KEY (`image_type_id`)
  REFERENCES `image_types` (`id`)
)[0m
  [1m[35m (50.7ms)[0m  [1m[35mCREATE UNIQUE INDEX `index_image_categorizations_on_image_id_and_image_type_id` ON `image_categorizations` (`image_id`, `image_type_id`)[0m
  [1m[36mActiveRecord::SchemaMigration Create (3.5ms)[0m  [1m[32mINSERT INTO `schema_migrations` (`version`) VALUES ('20250329191722')[0m
  [1m[35m (0.7ms)[0m  [1m[34mSELECT RELEASE_LOCK('1849179701872204695')[0m
  [1m[36mActiveRecord::SchemaMigration Load (0.5ms)[0m  [1m[34mSELECT `schema_migrations`.`version` FROM `schema_migrations` ORDER BY `schema_migrations`.`version` ASC[0m
  [1m[35m (0.4ms)[0m  [1m[34mSELECT GET_LOCK('1849179701872204695', 0)[0m
  [1m[36mActiveRecord::SchemaMigration Load (0.7ms)[0m  [1m[34mSELECT `schema_migrations`.`version` FROM `schema_migrations` ORDER BY `schema_migrations`.`version` ASC[0m
  [1m[36mActiveRecord::InternalMetadata Load (2.8ms)[0m  [1m[34mSELECT * FROM `ar_internal_metadata` WHERE `ar_internal_metadata`.`key` = 'environment' ORDER BY `ar_internal_metadata`.`key` ASC LIMIT 1[0m
  [1m[35m (0.4ms)[0m  [1m[34mSELECT RELEASE_LOCK('1849179701872204695')[0m
  [1m[36mActiveRecord::SchemaMigration Load (0.7ms)[0m  [1m[34mSELECT `schema_migrations`.`version` FROM `schema_migrations` ORDER BY `schema_migrations`.`version` ASC[0m
  [1m[35m (0.4ms)[0m  [1m[34mSELECT GET_LOCK('1849179701872204695', 0)[0m
  [1m[36mActiveRecord::SchemaMigration Load (0.7ms)[0m  [1m[34mSELECT `schema_migrations`.`version` FROM `schema_migrations` ORDER BY `schema_migrations`.`version` ASC[0m
  [1m[36mActiveRecord::InternalMetadata Load (0.7ms)[0m  [1m[34mSELECT * FROM `ar_internal_metadata` WHERE `ar_internal_metadata`.`key` = 'environment' ORDER BY `ar_internal_metadata`.`key` ASC LIMIT 1[0m
Migrating to CreateActiveStorageTables (20250329193624)
  [1m[35m (39.4ms)[0m  [1m[35mCREATE TABLE `active_storage_blobs` (`id` bigint NOT NULL AUTO_INCREMENT PRIMARY KEY, `key` varchar(255) NOT NULL, `filename` varchar(255) NOT NULL, `content_type` varchar(255), `metadata` text, `service_name` varchar(255) NOT NULL, `byte_size` bigint NOT NULL, `checksum` varchar(255), `created_at` datetime(6) NOT NULL, UNIQUE INDEX `index_active_storage_blobs_on_key` (`key`))[0m
  [1m[35m (39.3ms)[0m  [1m[35mCREATE TABLE `active_storage_attachments` (`id` bigint NOT NULL AUTO_INCREMENT PRIMARY KEY, `name` varchar(255) NOT NULL, `record_type` varchar(255) NOT NULL, `record_id` bigint NOT NULL, `blob_id` bigint NOT NULL, `created_at` datetime(6) NOT NULL, INDEX `index_active_storage_attachments_on_blob_id` (`blob_id`), UNIQUE INDEX `index_active_storage_attachments_uniqueness` (`record_type`, `record_id`, `name`, `blob_id`), CONSTRAINT `fk_rails_c3b3935057`
FOREIGN KEY (`blob_id`)
  REFERENCES `active_storage_blobs` (`id`)
)[0m
  [1m[35m (32.1ms)[0m  [1m[35mCREATE TABLE `active_storage_variant_records` (`id` bigint NOT NULL AUTO_INCREMENT PRIMARY KEY, `blob_id` bigint NOT NULL, `variation_digest` varchar(255) NOT NULL, UNIQUE INDEX `index_active_storage_variant_records_uniqueness` (`blob_id`, `variation_digest`), CONSTRAINT `fk_rails_993965df05`
FOREIGN KEY (`blob_id`)
  REFERENCES `active_storage_blobs` (`id`)
)[0m
  [1m[36mActiveRecord::SchemaMigration Create (4.0ms)[0m  [1m[32mINSERT INTO `schema_migrations` (`version`) VALUES ('20250329193624')[0m
  [1m[35m (0.6ms)[0m  [1m[34mSELECT RELEASE_LOCK('1849179701872204695')[0m
  [1m[36mActiveRecord::SchemaMigration Load (1.5ms)[0m  [1m[34mSELECT `schema_migrations`.`version` FROM `schema_migrations` ORDER BY `schema_migrations`.`version` ASC[0m
  [1m[36mTRANSACTION (0.4ms)[0m  [1m[35mBEGIN[0m
  [1m[36mUser Exists? (13.0ms)[0m  [1m[34mSELECT 1 AS one FROM `users` WHERE `users`.`name` = 'テストユーザー' LIMIT 1[0m
  [1m[36mUser Exists? (1.1ms)[0m  [1m[34mSELECT 1 AS one FROM `users` WHERE `users`.`email` = 'test@example.com' LIMIT 1[0m
  [1m[36mUser Create (0.6ms)[0m  [1m[32mINSERT INTO `users` (`name`, `email`, `password_digest`, `created_at`, `updated_at`) VALUES ('テストユーザー', 'test@example.com', '$2a$12$nQWMvJ3YnYv5/yQ6iBMPDuhcXSZL2kzeRKI8TQ20WF5XDXYqgipnu', '2025-03-29 19:40:26.836328', '2025-03-29 19:40:26.836328')[0m
  [1m[36mTRANSACTION (3.1ms)[0m  [1m[35mCOMMIT[0m
  [1m[36mTRANSACTION (0.7ms)[0m  [1m[35mBEGIN[0m
  [1m[36mImageType Exists? (11.1ms)[0m  [1m[34mSELECT 1 AS one FROM `image_types` WHERE `image_types`.`name` = '自然' LIMIT 1[0m
  [1m[36mImageType Create (0.7ms)[0m  [1m[32mINSERT INTO `image_types` (`name`, `description`, `created_at`, `updated_at`) VALUES ('自然', '美しい自然の風景', '2025-03-29 19:40:53.635903', '2025-03-29 19:40:53.635903')[0m
  [1m[36mTRANSACTION (6.7ms)[0m  [1m[35mCOMMIT[0m
  [1m[36mTRANSACTION (0.5ms)[0m  [1m[35mBEGIN[0m
  [1m[36mImageType Exists? (3.8ms)[0m  [1m[34mSELECT 1 AS one FROM `image_types` WHERE `image_types`.`name` = '都市' LIMIT 1[0m
  [1m[36mImageType Create (0.7ms)[0m  [1m[32mINSERT INTO `image_types` (`name`, `description`, `created_at`, `updated_at`) VALUES ('都市', '都市の景観', '2025-03-29 19:41:04.483178', '2025-03-29 19:41:04.483178')[0m
  [1m[36mTRANSACTION (5.8ms)[0m  [1m[35mCOMMIT[0m
  [1m[36mTRANSACTION (0.5ms)[0m  [1m[35mBEGIN[0m
  [1m[36mTRANSACTION (0.6ms)[0m  [1m[31mROLLBACK[0m
